<?xml version="1.0" encoding="UTF-8"?>
<testng-results total="1" passed="1" failed="0" skipped="0">
  <reporter-output>
  </reporter-output>
  <suite started-at="2022-03-16T04:57:42Z" name="Default suite" finished-at="2022-03-16T04:57:51Z" duration-ms="8202">
    <groups>
    </groups>
    <test started-at="2022-03-16T04:57:42Z" name="Default test" finished-at="2022-03-16T04:57:51Z" duration-ms="8202">
      <class name="RestTesting.Ecommerce">
        <test-method signature="Login()[pri:1, instance:RestTesting.Ecommerce@75d2da2d]" started-at="2022-03-16T10:27:42Z" name="Login" finished-at="2022-03-16T10:27:51Z" duration-ms="8177" status="PASS">
          <reporter-output>
          </reporter-output>
        </test-method> <!-- Login -->
      </class> <!-- RestTesting.Ecommerce -->
    </test> <!-- Default test -->
  </suite> <!-- Default suite -->
</testng-results>
